0 info it worked if it ends with ok
1 verbose cli [ '/Users/madthad91/.nvm/versions/node/v6.8.1/bin/node',
1 verbose cli   '/Users/madthad91/.nvm/versions/node/v6.8.1/bin/npm',
1 verbose cli   'run',
1 verbose cli   'ready',
1 verbose cli   '--',
1 verbose cli   'completed file upload and implemented static file name for uploaded config and overwrite said file with said static file name' ]
2 info using npm@4.0.2
3 info using node@v6.8.1
4 verbose run-script [ 'preready', 'ready', 'postready' ]
5 info lifecycle how-server@1.0.0~preready: how-server@1.0.0
6 silly lifecycle how-server@1.0.0~preready: no script for preready, continuing
7 info lifecycle how-server@1.0.0~ready: how-server@1.0.0
8 verbose lifecycle how-server@1.0.0~ready: unsafe-perm in lifecycle true
9 verbose lifecycle how-server@1.0.0~ready: PATH: /Users/madthad91/.nvm/versions/node/v6.8.1/lib/node_modules/npm/bin/node-gyp-bin:/Users/madthad91/software/how/how-server/node_modules/.bin:/Users/madthad91/.nvm/versions/node/v6.8.1/bin:/Users/madthad91/.rvm/gems/ruby-2.3.0/bin:/Users/madthad91/.rvm/gems/ruby-2.3.0@global/bin:/Users/madthad91/.rvm/rubies/ruby-2.3.0/bin:/usr/local/bin:/usr/bin:/bin:/usr/sbin:/sbin:/opt/X11/bin:/usr/local/git/bin:/usr/local/go/bin:/Users/madthad91/.rvm/bin:/usr/local/lib/python2.7/site-packages:/usr/local/go/bin:/Users/madthad91/software/go/bin:/Users/madthad91/Library/Android/sdk/tools:/Users/madthad91/Library/Android/sdk/platform-tools:/path/to/elixir/bin:/Applications/Postgres.app/Contents/Versions/9.5/bin
10 verbose lifecycle how-server@1.0.0~ready: CWD: /Users/madthad91/software/how/how-server
11 silly lifecycle how-server@1.0.0~ready: Args: [ '-c',
11 silly lifecycle   'git config push.default current && git pull origin master && git add . && git commit -m  "completed file upload and implemented static file name for uploaded config and overwrite said file with said static file name"' ]
12 silly lifecycle how-server@1.0.0~ready: Returned: code: 1  signal: null
13 info lifecycle how-server@1.0.0~ready: Failed to exec ready script
14 verbose stack Error: how-server@1.0.0 ready: `git config push.default current && git pull origin master && git add . && git commit -m  "completed file upload and implemented static file name for uploaded config and overwrite said file with said static file name"`
14 verbose stack Exit status 1
14 verbose stack     at EventEmitter.<anonymous> (/Users/madthad91/.nvm/versions/node/v6.8.1/lib/node_modules/npm/lib/utils/lifecycle.js:279:16)
14 verbose stack     at emitTwo (events.js:106:13)
14 verbose stack     at EventEmitter.emit (events.js:191:7)
14 verbose stack     at ChildProcess.<anonymous> (/Users/madthad91/.nvm/versions/node/v6.8.1/lib/node_modules/npm/lib/utils/spawn.js:40:14)
14 verbose stack     at emitTwo (events.js:106:13)
14 verbose stack     at ChildProcess.emit (events.js:191:7)
14 verbose stack     at maybeClose (internal/child_process.js:877:16)
14 verbose stack     at Process.ChildProcess._handle.onexit (internal/child_process.js:226:5)
15 verbose pkgid how-server@1.0.0
16 verbose cwd /Users/madthad91/software/how/how-server
17 error Darwin 16.7.0
18 error argv "/Users/madthad91/.nvm/versions/node/v6.8.1/bin/node" "/Users/madthad91/.nvm/versions/node/v6.8.1/bin/npm" "run" "ready" "--" "completed file upload and implemented static file name for uploaded config and overwrite said file with said static file name"
19 error node v6.8.1
20 error npm  v4.0.2
21 error code ELIFECYCLE
22 error how-server@1.0.0 ready: `git config push.default current && git pull origin master && git add . && git commit -m  "completed file upload and implemented static file name for uploaded config and overwrite said file with said static file name"`
22 error Exit status 1
23 error Failed at the how-server@1.0.0 ready script 'git config push.default current && git pull origin master && git add . && git commit -m  "completed file upload and implemented static file name for uploaded config and overwrite said file with said static file name"'.
23 error Make sure you have the latest version of node.js and npm installed.
23 error If you do, this is most likely a problem with the how-server package,
23 error not with npm itself.
23 error Tell the author that this fails on your system:
23 error     git config push.default current && git pull origin master && git add . && git commit -m  "completed file upload and implemented static file name for uploaded config and overwrite said file with said static file name"
23 error You can get information on how to open an issue for this project with:
23 error     npm bugs how-server
23 error Or if that isn't available, you can get their info via:
23 error     npm owner ls how-server
23 error There is likely additional logging output above.
24 verbose exit [ 1, true ]
